<?xml version="1.0" encoding="UTF-8"?>
<testsuite name="com.sayani.max.TU_MaxFinder" tests="1" skipped="0" failures="0" errors="0" timestamp="2021-06-19T04:39:40" hostname="DESKTOP-N66BMGP" time="0.053">
  <properties/>
  <testcase name="whenIntegerShouldReturnMax()" classname="com.sayani.max.TU_MaxFinder" time="0.053"/>
  <system-out><![CDATA[Max value of 1 11 6 is 11. 
]]></system-out>
  <system-err><![CDATA[]]></system-err>
</testsuite>
